g++  -MM -MT system/query.o -MF system/query.d -Wall -g -std=c++0x -I. -I./benchmarks -I./concurrency_control -I./storage -I./system  -lrt -lpthread -msse4.2 -march=native -ffast-math  -O3 -D_GNU_SOURCE -fopenmp -D NOGRAPHITE=1 -O3 system/query.cpp
g++  -MM -MT system/mem_alloc.o -MF system/mem_alloc.d -Wall -g -std=c++0x -I. -I./benchmarks -I./concurrency_control -I./storage -I./system  -lrt -lpthread -msse4.2 -march=native -ffast-math  -O3 -D_GNU_SOURCE -fopenmp -D NOGRAPHITE=1 -O3 system/mem_alloc.cpp
g++  -MM -MT system/main.o -MF system/main.d -Wall -g -std=c++0x -I. -I./benchmarks -I./concurrency_control -I./storage -I./system  -lrt -lpthread -msse4.2 -march=native -ffast-math  -O3 -D_GNU_SOURCE -fopenmp -D NOGRAPHITE=1 -O3 system/main.cpp
g++  -MM -MT system/parser.o -MF system/parser.d -Wall -g -std=c++0x -I. -I./benchmarks -I./concurrency_control -I./storage -I./system  -lrt -lpthread -msse4.2 -march=native -ffast-math  -O3 -D_GNU_SOURCE -fopenmp -D NOGRAPHITE=1 -O3 system/parser.cpp
g++  -MM -MT system/global.o -MF system/global.d -Wall -g -std=c++0x -I. -I./benchmarks -I./concurrency_control -I./storage -I./system  -lrt -lpthread -msse4.2 -march=native -ffast-math  -O3 -D_GNU_SOURCE -fopenmp -D NOGRAPHITE=1 -O3 system/global.cpp
g++  -MM -MT system/helper.o -MF system/helper.d -Wall -g -std=c++0x -I. -I./benchmarks -I./concurrency_control -I./storage -I./system  -lrt -lpthread -msse4.2 -march=native -ffast-math  -O3 -D_GNU_SOURCE -fopenmp -D NOGRAPHITE=1 -O3 system/helper.cpp
g++  -MM -MT system/log_pending_table.o -MF system/log_pending_table.d -Wall -g -std=c++0x -I. -I./benchmarks -I./concurrency_control -I./storage -I./system  -lrt -lpthread -msse4.2 -march=native -ffast-math  -O3 -D_GNU_SOURCE -fopenmp -D NOGRAPHITE=1 -O3 system/log_pending_table.cpp
g++  -MM -MT system/wl.o -MF system/wl.d -Wall -g -std=c++0x -I. -I./benchmarks -I./concurrency_control -I./storage -I./system  -lrt -lpthread -msse4.2 -march=native -ffast-math  -O3 -D_GNU_SOURCE -fopenmp -D NOGRAPHITE=1 -O3 system/wl.cpp
g++  -MM -MT system/logging_thread.o -MF system/logging_thread.d -Wall -g -std=c++0x -I. -I./benchmarks -I./concurrency_control -I./storage -I./system  -lrt -lpthread -msse4.2 -march=native -ffast-math  -O3 -D_GNU_SOURCE -fopenmp -D NOGRAPHITE=1 -O3 system/logging_thread.cpp
g++  -MM -MT system/txn.o -MF system/txn.d -Wall -g -std=c++0x -I. -I./benchmarks -I./concurrency_control -I./storage -I./system  -lrt -lpthread -msse4.2 -march=native -ffast-math  -O3 -D_GNU_SOURCE -fopenmp -D NOGRAPHITE=1 -O3 system/txn.cpp
g++  -MM -MT system/free_queue.o -MF system/free_queue.d -Wall -g -std=c++0x -I. -I./benchmarks -I./concurrency_control -I./storage -I./system  -lrt -lpthread -msse4.2 -march=native -ffast-math  -O3 -D_GNU_SOURCE -fopenmp -D NOGRAPHITE=1 -O3 system/free_queue.cpp
g++  -MM -MT system/thread.o -MF system/thread.d -Wall -g -std=c++0x -I. -I./benchmarks -I./concurrency_control -I./storage -I./system  -lrt -lpthread -msse4.2 -march=native -ffast-math  -O3 -D_GNU_SOURCE -fopenmp -D NOGRAPHITE=1 -O3 system/thread.cpp
g++  -MM -MT system/log_recover_table.o -MF system/log_recover_table.d -Wall -g -std=c++0x -I. -I./benchmarks -I./concurrency_control -I./storage -I./system  -lrt -lpthread -msse4.2 -march=native -ffast-math  -O3 -D_GNU_SOURCE -fopenmp -D NOGRAPHITE=1 -O3 system/log_recover_table.cpp
g++  -MM -MT system/barrier.o -MF system/barrier.d -Wall -g -std=c++0x -I. -I./benchmarks -I./concurrency_control -I./storage -I./system  -lrt -lpthread -msse4.2 -march=native -ffast-math  -O3 -D_GNU_SOURCE -fopenmp -D NOGRAPHITE=1 -O3 system/barrier.cpp
g++  -MM -MT system/manager.o -MF system/manager.d -Wall -g -std=c++0x -I. -I./benchmarks -I./concurrency_control -I./storage -I./system  -lrt -lpthread -msse4.2 -march=native -ffast-math  -O3 -D_GNU_SOURCE -fopenmp -D NOGRAPHITE=1 -O3 system/manager.cpp
g++  -MM -MT system/stats.o -MF system/stats.d -Wall -g -std=c++0x -I. -I./benchmarks -I./concurrency_control -I./storage -I./system  -lrt -lpthread -msse4.2 -march=native -ffast-math  -O3 -D_GNU_SOURCE -fopenmp -D NOGRAPHITE=1 -O3 system/stats.cpp
g++  -MM -MT storage/log.o -MF storage/log.d -Wall -g -std=c++0x -I. -I./benchmarks -I./concurrency_control -I./storage -I./system  -lrt -lpthread -msse4.2 -march=native -ffast-math  -O3 -D_GNU_SOURCE -fopenmp -D NOGRAPHITE=1 -O3 storage/log.cpp
g++  -MM -MT storage/table.o -MF storage/table.d -Wall -g -std=c++0x -I. -I./benchmarks -I./concurrency_control -I./storage -I./system  -lrt -lpthread -msse4.2 -march=native -ffast-math  -O3 -D_GNU_SOURCE -fopenmp -D NOGRAPHITE=1 -O3 storage/table.cpp
g++  -MM -MT storage/ramdisk.o -MF storage/ramdisk.d -Wall -g -std=c++0x -I. -I./benchmarks -I./concurrency_control -I./storage -I./system  -lrt -lpthread -msse4.2 -march=native -ffast-math  -O3 -D_GNU_SOURCE -fopenmp -D NOGRAPHITE=1 -O3 storage/ramdisk.cpp
g++  -MM -MT storage/row.o -MF storage/row.d -Wall -g -std=c++0x -I. -I./benchmarks -I./concurrency_control -I./storage -I./system  -lrt -lpthread -msse4.2 -march=native -ffast-math  -O3 -D_GNU_SOURCE -fopenmp -D NOGRAPHITE=1 -O3 storage/row.cpp
g++  -MM -MT storage/plover_log.o -MF storage/plover_log.d -Wall -g -std=c++0x -I. -I./benchmarks -I./concurrency_control -I./storage -I./system  -lrt -lpthread -msse4.2 -march=native -ffast-math  -O3 -D_GNU_SOURCE -fopenmp -D NOGRAPHITE=1 -O3 storage/plover_log.cpp
g++  -MM -MT storage/index_btree.o -MF storage/index_btree.d -Wall -g -std=c++0x -I. -I./benchmarks -I./concurrency_control -I./storage -I./system  -lrt -lpthread -msse4.2 -march=native -ffast-math  -O3 -D_GNU_SOURCE -fopenmp -D NOGRAPHITE=1 -O3 storage/index_btree.cpp
g++  -MM -MT storage/index_hash.o -MF storage/index_hash.d -Wall -g -std=c++0x -I. -I./benchmarks -I./concurrency_control -I./storage -I./system  -lrt -lpthread -msse4.2 -march=native -ffast-math  -O3 -D_GNU_SOURCE -fopenmp -D NOGRAPHITE=1 -O3 storage/index_hash.cpp
g++  -MM -MT storage/catalog.o -MF storage/catalog.d -Wall -g -std=c++0x -I. -I./benchmarks -I./concurrency_control -I./storage -I./system  -lrt -lpthread -msse4.2 -march=native -ffast-math  -O3 -D_GNU_SOURCE -fopenmp -D NOGRAPHITE=1 -O3 storage/catalog.cpp
g++  -MM -MT storage/taurus_log.o -MF storage/taurus_log.d -Wall -g -std=c++0x -I. -I./benchmarks -I./concurrency_control -I./storage -I./system  -lrt -lpthread -msse4.2 -march=native -ffast-math  -O3 -D_GNU_SOURCE -fopenmp -D NOGRAPHITE=1 -O3 storage/taurus_log.cpp
g++  -MM -MT storage/serial_log.o -MF storage/serial_log.d -Wall -g -std=c++0x -I. -I./benchmarks -I./concurrency_control -I./storage -I./system  -lrt -lpthread -msse4.2 -march=native -ffast-math  -O3 -D_GNU_SOURCE -fopenmp -D NOGRAPHITE=1 -O3 storage/serial_log.cpp
g++  -MM -MT storage/parallel_log.o -MF storage/parallel_log.d -Wall -g -std=c++0x -I. -I./benchmarks -I./concurrency_control -I./storage -I./system  -lrt -lpthread -msse4.2 -march=native -ffast-math  -O3 -D_GNU_SOURCE -fopenmp -D NOGRAPHITE=1 -O3 storage/parallel_log.cpp
g++  -MM -MT concurrency_control/row_silo.o -MF concurrency_control/row_silo.d -Wall -g -std=c++0x -I. -I./benchmarks -I./concurrency_control -I./storage -I./system  -lrt -lpthread -msse4.2 -march=native -ffast-math  -O3 -D_GNU_SOURCE -fopenmp -D NOGRAPHITE=1 -O3 concurrency_control/row_silo.cpp
g++  -MM -MT concurrency_control/row_tictoc.o -MF concurrency_control/row_tictoc.d -Wall -g -std=c++0x -I. -I./benchmarks -I./concurrency_control -I./storage -I./system  -lrt -lpthread -msse4.2 -march=native -ffast-math  -O3 -D_GNU_SOURCE -fopenmp -D NOGRAPHITE=1 -O3 concurrency_control/row_tictoc.cpp
g++  -MM -MT concurrency_control/row_hekaton.o -MF concurrency_control/row_hekaton.d -Wall -g -std=c++0x -I. -I./benchmarks -I./concurrency_control -I./storage -I./system  -lrt -lpthread -msse4.2 -march=native -ffast-math  -O3 -D_GNU_SOURCE -fopenmp -D NOGRAPHITE=1 -O3 concurrency_control/row_hekaton.cpp
g++  -MM -MT concurrency_control/hekaton.o -MF concurrency_control/hekaton.d -Wall -g -std=c++0x -I. -I./benchmarks -I./concurrency_control -I./storage -I./system  -lrt -lpthread -msse4.2 -march=native -ffast-math  -O3 -D_GNU_SOURCE -fopenmp -D NOGRAPHITE=1 -O3 concurrency_control/hekaton.cpp
g++  -MM -MT concurrency_control/silo.o -MF concurrency_control/silo.d -Wall -g -std=c++0x -I. -I./benchmarks -I./concurrency_control -I./storage -I./system  -lrt -lpthread -msse4.2 -march=native -ffast-math  -O3 -D_GNU_SOURCE -fopenmp -D NOGRAPHITE=1 -O3 concurrency_control/silo.cpp
g++  -MM -MT concurrency_control/row_lock.o -MF concurrency_control/row_lock.d -Wall -g -std=c++0x -I. -I./benchmarks -I./concurrency_control -I./storage -I./system  -lrt -lpthread -msse4.2 -march=native -ffast-math  -O3 -D_GNU_SOURCE -fopenmp -D NOGRAPHITE=1 -O3 concurrency_control/row_lock.cpp
g++  -MM -MT concurrency_control/tictoc.o -MF concurrency_control/tictoc.d -Wall -g -std=c++0x -I. -I./benchmarks -I./concurrency_control -I./storage -I./system  -lrt -lpthread -msse4.2 -march=native -ffast-math  -O3 -D_GNU_SOURCE -fopenmp -D NOGRAPHITE=1 -O3 concurrency_control/tictoc.cpp
g++  -MM -MT concurrency_control/plock.o -MF concurrency_control/plock.d -Wall -g -std=c++0x -I. -I./benchmarks -I./concurrency_control -I./storage -I./system  -lrt -lpthread -msse4.2 -march=native -ffast-math  -O3 -D_GNU_SOURCE -fopenmp -D NOGRAPHITE=1 -O3 concurrency_control/plock.cpp
g++  -MM -MT concurrency_control/vll.o -MF concurrency_control/vll.d -Wall -g -std=c++0x -I. -I./benchmarks -I./concurrency_control -I./storage -I./system  -lrt -lpthread -msse4.2 -march=native -ffast-math  -O3 -D_GNU_SOURCE -fopenmp -D NOGRAPHITE=1 -O3 concurrency_control/vll.cpp
g++  -MM -MT concurrency_control/row_mvcc.o -MF concurrency_control/row_mvcc.d -Wall -g -std=c++0x -I. -I./benchmarks -I./concurrency_control -I./storage -I./system  -lrt -lpthread -msse4.2 -march=native -ffast-math  -O3 -D_GNU_SOURCE -fopenmp -D NOGRAPHITE=1 -O3 concurrency_control/row_mvcc.cpp
g++  -MM -MT concurrency_control/row_occ.o -MF concurrency_control/row_occ.d -Wall -g -std=c++0x -I. -I./benchmarks -I./concurrency_control -I./storage -I./system  -lrt -lpthread -msse4.2 -march=native -ffast-math  -O3 -D_GNU_SOURCE -fopenmp -D NOGRAPHITE=1 -O3 concurrency_control/row_occ.cpp
g++  -MM -MT concurrency_control/occ.o -MF concurrency_control/occ.d -Wall -g -std=c++0x -I. -I./benchmarks -I./concurrency_control -I./storage -I./system  -lrt -lpthread -msse4.2 -march=native -ffast-math  -O3 -D_GNU_SOURCE -fopenmp -D NOGRAPHITE=1 -O3 concurrency_control/occ.cpp
g++  -MM -MT concurrency_control/locktable.o -MF concurrency_control/locktable.d -Wall -g -std=c++0x -I. -I./benchmarks -I./concurrency_control -I./storage -I./system  -lrt -lpthread -msse4.2 -march=native -ffast-math  -O3 -D_GNU_SOURCE -fopenmp -D NOGRAPHITE=1 -O3 concurrency_control/locktable.cpp
g++  -MM -MT concurrency_control/row_ts.o -MF concurrency_control/row_ts.d -Wall -g -std=c++0x -I. -I./benchmarks -I./concurrency_control -I./storage -I./system  -lrt -lpthread -msse4.2 -march=native -ffast-math  -O3 -D_GNU_SOURCE -fopenmp -D NOGRAPHITE=1 -O3 concurrency_control/row_ts.cpp
g++  -MM -MT concurrency_control/dl_detect.o -MF concurrency_control/dl_detect.d -Wall -g -std=c++0x -I. -I./benchmarks -I./concurrency_control -I./storage -I./system  -lrt -lpthread -msse4.2 -march=native -ffast-math  -O3 -D_GNU_SOURCE -fopenmp -D NOGRAPHITE=1 -O3 concurrency_control/dl_detect.cpp
g++  -MM -MT concurrency_control/row_vll.o -MF concurrency_control/row_vll.d -Wall -g -std=c++0x -I. -I./benchmarks -I./concurrency_control -I./storage -I./system  -lrt -lpthread -msse4.2 -march=native -ffast-math  -O3 -D_GNU_SOURCE -fopenmp -D NOGRAPHITE=1 -O3 concurrency_control/row_vll.cpp
g++  -MM -MT benchmarks/tpcc_txn.o -MF benchmarks/tpcc_txn.d -Wall -g -std=c++0x -I. -I./benchmarks -I./concurrency_control -I./storage -I./system  -lrt -lpthread -msse4.2 -march=native -ffast-math  -O3 -D_GNU_SOURCE -fopenmp -D NOGRAPHITE=1 -O3 benchmarks/tpcc_txn.cpp
g++  -MM -MT benchmarks/tpcc_helper.o -MF benchmarks/tpcc_helper.d -Wall -g -std=c++0x -I. -I./benchmarks -I./concurrency_control -I./storage -I./system  -lrt -lpthread -msse4.2 -march=native -ffast-math  -O3 -D_GNU_SOURCE -fopenmp -D NOGRAPHITE=1 -O3 benchmarks/tpcc_helper.cpp
g++  -MM -MT benchmarks/ycsb_txn.o -MF benchmarks/ycsb_txn.d -Wall -g -std=c++0x -I. -I./benchmarks -I./concurrency_control -I./storage -I./system  -lrt -lpthread -msse4.2 -march=native -ffast-math  -O3 -D_GNU_SOURCE -fopenmp -D NOGRAPHITE=1 -O3 benchmarks/ycsb_txn.cpp
g++  -MM -MT benchmarks/tpcc_query.o -MF benchmarks/tpcc_query.d -Wall -g -std=c++0x -I. -I./benchmarks -I./concurrency_control -I./storage -I./system  -lrt -lpthread -msse4.2 -march=native -ffast-math  -O3 -D_GNU_SOURCE -fopenmp -D NOGRAPHITE=1 -O3 benchmarks/tpcc_query.cpp
g++  -MM -MT benchmarks/ycsb_wl.o -MF benchmarks/ycsb_wl.d -Wall -g -std=c++0x -I. -I./benchmarks -I./concurrency_control -I./storage -I./system  -lrt -lpthread -msse4.2 -march=native -ffast-math  -O3 -D_GNU_SOURCE -fopenmp -D NOGRAPHITE=1 -O3 benchmarks/ycsb_wl.cpp
g++  -MM -MT benchmarks/tpcc_wl.o -MF benchmarks/tpcc_wl.d -Wall -g -std=c++0x -I. -I./benchmarks -I./concurrency_control -I./storage -I./system  -lrt -lpthread -msse4.2 -march=native -ffast-math  -O3 -D_GNU_SOURCE -fopenmp -D NOGRAPHITE=1 -O3 benchmarks/tpcc_wl.cpp
g++  -MM -MT benchmarks/ycsb_query.o -MF benchmarks/ycsb_query.d -Wall -g -std=c++0x -I. -I./benchmarks -I./concurrency_control -I./storage -I./system  -lrt -lpthread -msse4.2 -march=native -ffast-math  -O3 -D_GNU_SOURCE -fopenmp -D NOGRAPHITE=1 -O3 benchmarks/ycsb_query.cpp
g++  -MM -MT config.o -MF config.d -Wall -g -std=c++0x -I. -I./benchmarks -I./concurrency_control -I./storage -I./system  -lrt -lpthread -msse4.2 -march=native -ffast-math  -O3 -D_GNU_SOURCE -fopenmp -D NOGRAPHITE=1 -O3 config.cpp
g++  -c -Wall -g -std=c++0x -I. -I./benchmarks -I./concurrency_control -I./storage -I./system  -lrt -lpthread -msse4.2 -march=native -ffast-math  -O3 -D_GNU_SOURCE -fopenmp -D NOGRAPHITE=1 -O3 -o config.o config.cpp
g++  -c -Wall -g -std=c++0x -I. -I./benchmarks -I./concurrency_control -I./storage -I./system  -lrt -lpthread -msse4.2 -march=native -ffast-math  -O3 -D_GNU_SOURCE -fopenmp -D NOGRAPHITE=1 -O3 -o benchmarks/ycsb_query.o benchmarks/ycsb_query.cpp
g++  -c -Wall -g -std=c++0x -I. -I./benchmarks -I./concurrency_control -I./storage -I./system  -lrt -lpthread -msse4.2 -march=native -ffast-math  -O3 -D_GNU_SOURCE -fopenmp -D NOGRAPHITE=1 -O3 -o benchmarks/tpcc_wl.o benchmarks/tpcc_wl.cpp
